<?xml version="1.0" encoding="UTF-8"?>
<!-- Generated by org.testng.reporters.JUnitXMLReporter -->
<testsuite hostname="Lenovo-PC" ignored="0" name="Chrome-Tests" tests="1" failures="0" timestamp="12 Jan 2023 14:13:15 GMT" time="56.866" errors="0">
  <testcase name="@BeforeMethod launchBrowser" time="0.191" classname="com.crossBrowserTesting.CrossBrowsers">
    <failure type="java.lang.IllegalStateException" message="The driver executable must be a regular file: F:\Testing\Drivers\geckodriver-v0.32.0-win32">
      <![CDATA[java.lang.IllegalStateException: The driver executable must be a regular file: F:\Testing\Drivers\geckodriver-v0.32.0-win32
at org.openqa.selenium.internal.Require$FileStateChecker.isFile(Require.java:348)
at org.openqa.selenium.remote.service.DriverService.checkExecutable(DriverService.java:160)
at org.openqa.selenium.remote.service.DriverService.findExecutable(DriverService.java:155)
at org.openqa.selenium.firefox.GeckoDriverService.access$100(GeckoDriverService.java:45)
at org.openqa.selenium.firefox.GeckoDriverService$Builder.findDefaultExecutable(GeckoDriverService.java:181)
at org.openqa.selenium.remote.service.DriverService$Builder.build(DriverService.java:450)
at org.openqa.selenium.firefox.GeckoDriverService.createDefaultService(GeckoDriverService.java:94)
at org.openqa.selenium.firefox.FirefoxDriver.<init>(FirefoxDriver.java:99)
at org.openqa.selenium.firefox.FirefoxDriver.<init>(FirefoxDriver.java:95)
at com.crossBrowserTesting.CrossBrowsers.launchBrowser(CrossBrowsers.java:23)
at java.util.concurrent.FutureTask.run(FutureTask.java:266)
at java.util.concurrent.ThreadPoolExecutor.runWorker(ThreadPoolExecutor.java:1149)
at java.util.concurrent.ThreadPoolExecutor$Worker.run(ThreadPoolExecutor.java:624)
at java.lang.Thread.run(Thread.java:748)
... Removed 19 stack frames]]>
    </failure>
  </testcase> <!-- @BeforeMethod launchBrowser -->
  <testcase name="@AfterMethod tearDown" time="0.0" classname="com.crossBrowserTesting.CrossBrowsers">
    <skipped/>
  </testcase> <!-- @AfterMethod tearDown -->
  <testcase name="verifyLoginButtonTitle" time="30.141" classname="com.crossBrowserTesting.SampleTestCase"/>
</testsuite> <!-- Chrome-Tests -->
